2018-01-28 18:05:02,489 [Thread-13:139784622470912] [blog.views:99] [views:article] [ERROR]- 'bool' object is not callable
2018-01-28 18:05:08,813 [Thread-16:139784622470912] [blog.views:99] [views:article] [ERROR]- 'bool' object is not callable
2018-01-28 18:30:55,935 [Thread-4:140575735875328] [blog.views:99] [views:article] [ERROR]- 'bool' object is not callable
2018-01-28 21:38:16,843 [Thread-20:139944276141824] [blog.views:47] [views:tag] [ERROR]- invalid literal for int() with base 10: 'python'
2018-01-28 21:38:28,044 [Thread-23:139944276141824] [blog.views:47] [views:tag] [ERROR]- invalid literal for int() with base 10: '网络安全'
2018-01-28 21:38:33,140 [Thread-25:139944276141824] [blog.views:47] [views:tag] [ERROR]- invalid literal for int() with base 10: 'python'
2018-01-28 21:39:45,610 [Thread-2:139724598830848] [blog.views:47] [views:tag] [ERROR]- invalid literal for int() with base 10: 'python'
2018-01-28 21:39:53,677 [Thread-22:139724579067648] [blog.views:47] [views:tag] [ERROR]- invalid literal for int() with base 10: 'python'
2018-01-28 21:41:33,605 [Thread-2:140195365705472] [blog.views:48] [views:tag] [ERROR]- invalid literal for int() with base 10: 'python'
2018-01-28 21:42:10,757 [Thread-4:140195365705472] [blog.views:48] [views:tag] [ERROR]- invalid literal for int() with base 10: 'python'
2018-01-28 21:42:13,146 [Thread-5:140195365705472] [blog.views:48] [views:tag] [ERROR]- invalid literal for int() with base 10: '网络安全'
2018-01-28 21:44:17,613 [Thread-5:140673384539904] [blog.views:48] [views:tag] [ERROR]- invalid literal for int() with base 10: 'python'
2018-01-28 21:53:41,355 [Thread-2:140635766720256] [blog.views:47] [views:tag] [ERROR]- invalid literal for int() with base 10: 'python'
2018-01-28 21:53:45,862 [Thread-3:140635766720256] [blog.views:47] [views:tag] [ERROR]- invalid literal for int() with base 10: '网络安全'
2018-01-28 21:53:50,829 [Thread-4:140635766720256] [blog.views:47] [views:tag] [ERROR]- invalid literal for int() with base 10: '数据结构'
2018-01-28 21:53:55,415 [Thread-5:140635766720256] [blog.views:47] [views:tag] [ERROR]- invalid literal for int() with base 10: '大数据'
2018-01-28 21:53:57,694 [Thread-6:140635766720256] [blog.views:47] [views:tag] [ERROR]- invalid literal for int() with base 10: 'python'
2018-01-28 21:54:05,200 [Thread-8:140635766720256] [blog.views:47] [views:tag] [ERROR]- invalid literal for int() with base 10: 'python'
2018-01-28 21:54:08,915 [Thread-9:140635766720256] [blog.views:47] [views:tag] [ERROR]- invalid literal for int() with base 10: 'python'
2018-01-28 21:57:07,411 [Thread-3:140076864952064] [blog.views:48] [views:tag] [ERROR]- invalid literal for int() with base 10: 'python'
2018-01-28 21:57:09,850 [Thread-4:140076864952064] [blog.views:48] [views:tag] [ERROR]- invalid literal for int() with base 10: 'python'
2018-01-28 21:57:12,212 [Thread-5:140076864952064] [blog.views:48] [views:tag] [ERROR]- invalid literal for int() with base 10: 'java'
2018-01-28 21:57:15,250 [Thread-6:140076864952064] [blog.views:48] [views:tag] [ERROR]- invalid literal for int() with base 10: 'python'
2018-01-28 21:58:30,565 [Thread-2:140609565087488] [blog.views:48] [views:tag] [ERROR]- invalid literal for int() with base 10: 'python'
2018-01-28 21:58:41,865 [Thread-23:140609520146176] [blog.views:48] [views:tag] [ERROR]- invalid literal for int() with base 10: 'python'
2018-01-28 21:59:06,294 [Thread-31:140609520146176] [blog.views:48] [views:tag] [ERROR]- invalid literal for int() with base 10: 'python'
2018-01-28 21:59:26,646 [Thread-3:140706763077376] [blog.views:48] [views:tag] [ERROR]- invalid literal for int() with base 10: 'python'
2018-01-28 22:04:38,665 [Thread-2:140366642599680] [blog.views:48] [views:tag] [ERROR]- invalid literal for int() with base 10: 'python'
2018-01-28 22:22:39,742 [Thread-31:139654804264704] [blog.views:49] [views:tag] [ERROR]- Tag matching query does not exist.
2018-01-28 22:31:50,772 [Thread-31:140046550882048] [blog.views:102] [views:article] [ERROR]- 'bool' object is not callable
2018-01-28 22:33:29,073 [Thread-40:140046468380416] [blog.views:102] [views:article] [ERROR]- 'bool' object is not callable
2018-01-28 22:33:39,197 [Thread-42:140046468380416] [blog.views:102] [views:article] [ERROR]- 'bool' object is not callable
2018-01-29 17:44:40,167 [Thread-263:140238614357760] [blog.views:103] [views:article] [ERROR]- 'bool' object is not callable
2018-01-29 17:45:45,581 [Thread-277:140238614357760] [blog.views:103] [views:article] [ERROR]- 'bool' object is not callable
2018-01-29 17:50:14,403 [Thread-285:140238357767936] [blog.views:103] [views:article] [ERROR]- 'bool' object is not callable
2018-01-29 17:51:25,112 [Thread-306:140238614357760] [blog.views:103] [views:article] [ERROR]- 'bool' object is not callable
2018-01-29 17:52:16,078 [Thread-331:140238391338752] [blog.views:103] [views:article] [ERROR]- 'bool' object is not callable
2018-01-29 17:54:06,015 [Thread-333:140238391338752] [blog.views:103] [views:article] [ERROR]- 'bool' object is not callable
2018-01-31 21:36:08,153 [Thread-38:139979774375680] [blog.views:103] [views:article] [ERROR]- 'bool' object is not callable
2018-02-01 10:59:26,456 [Thread-9:139847854712576] [blog.views:103] [views:article] [ERROR]- 'bool' object is not callable
2018-02-01 11:01:59,850 [Thread-45:139847866083072] [blog.views:103] [views:article] [ERROR]- 'bool' object is not callable
2018-02-01 11:07:27,411 [Thread-3:139655409624832] [blog.views:103] [views:article] [ERROR]- 'bool' object is not callable
2018-02-01 11:07:35,101 [Thread-9:139655373076224] [blog.views:103] [views:article] [ERROR]- 'bool' object is not callable
2018-02-01 11:08:12,868 [Thread-12:139655373076224] [blog.views:103] [views:article] [ERROR]- 'bool' object is not callable
2018-02-01 11:08:34,648 [Thread-31:139655373076224] [blog.views:103] [views:article] [ERROR]- 'bool' object is not callable
2018-02-01 11:11:21,584 [Thread-19:139745906284288] [blog.views:103] [views:article] [ERROR]- 'bool' object is not callable
2018-02-01 11:13:21,147 [Thread-37:139745906284288] [blog.views:103] [views:article] [ERROR]- 'bool' object is not callable
2018-03-05 13:15:57,576 [Thread-27:140077231273728] [blog.views:103] [views:article] [ERROR]- 'bool' object is not callable
2018-03-05 13:16:03,882 [Thread-35:140076868695808] [blog.views:103] [views:article] [ERROR]- 'bool' object is not callable
2018-03-05 13:16:44,369 [Thread-55:140076835124992] [blog.views:103] [views:article] [ERROR]- 'bool' object is not callable
